<?xml version="1.0" encoding="UTF-8"?>
<!-- Generated by org.testng.reporters.JUnitReportReporter -->
<testsuite skipped="0" hostname="Harpreets-MacBook-Pro.local" name="maven.E2E.newTest" tests="1" failures="0" timestamp="2020-08-10T14:10:22 EDT" time="13.239" errors="0">
  <testcase name="testClassE2E" time="13.239" classname="maven.E2E.newTest"/>
  <system-out/>
</testsuite> <!-- maven.E2E.newTest -->
