<?xml version="1.0" encoding="UTF-8"?>
<!-- Generated by org.testng.reporters.JUnitReportReporter -->
<testsuite skipped="0" hostname="Harpreets-MacBook-Pro.local" name="maven.E2E.AppTest" tests="1" failures="0" timestamp="2020-08-12T22:37:21 EDT" time="0.011" errors="0">
  <testcase name="shouldAnswerWithTrue" time="0.011" classname="maven.E2E.AppTest"/>
  <system-out/>
</testsuite> <!-- maven.E2E.AppTest -->
