<?xml version="1.0" encoding="UTF-8"?>
<!-- Generated by org.testng.reporters.JUnitReportReporter -->
<testsuite skipped="0" hostname="Harpreets-MacBook-Pro.local" name="maven.E2E.testClass" tests="3" failures="0" timestamp="2020-08-13T19:25:55 EDT" time="12.855" errors="0">
  <testcase name="HomePageNavigation" time="1.984" classname="maven.E2E.testClass"/>
  <system-out/>
  <testcase name="HomePageNavigation" time="2.470" classname="maven.E2E.testClass"/>
  <system-out/>
  <testcase name="HomePageNavigation" time="8.401" classname="maven.E2E.testClass"/>
  <system-out/>
</testsuite> <!-- maven.E2E.testClass -->
