<?xml version="1.0" encoding="UTF-8"?>
<!-- Generated by org.testng.reporters.JUnitReportReporter -->
<testsuite skipped="0" hostname="Harpreets-MacBook-Pro.local" name="TestRunner.TestRunnerClass" tests="1" failures="0" timestamp="2020-08-19T22:37:57 EDT" time="16.029" errors="0">
  <testcase name="feature" time="16.029" classname="TestRunner.TestRunnerClass"/>
  <system-out/>
</testsuite> <!-- TestRunner.TestRunnerClass -->
