<?xml version="1.0" encoding="UTF-8"?>
<!-- Generated by org.testng.reporters.JUnitReportReporter -->
<testsuite skipped="0" hostname="Harpreets-MacBook-Pro.local" name="maven.E2E.testClass" tests="3" failures="0" timestamp="2020-08-13T19:09:34 EDT" time="13.021" errors="0">
  <testcase name="HomePageNavigation" time="8.351" classname="maven.E2E.testClass"/>
  <system-out/>
  <testcase name="HomePageNavigation" time="2.340" classname="maven.E2E.testClass"/>
  <system-out/>
  <testcase name="HomePageNavigation" time="2.330" classname="maven.E2E.testClass"/>
  <system-out/>
</testsuite> <!-- maven.E2E.testClass -->
