<?xml version="1.0" encoding="UTF-8"?>
<!-- Generated by org.testng.reporters.JUnitReportReporter -->
<testsuite skipped="0" hostname="Harpreets-MacBook-Pro.local" name="maven.E2E.Validation1" tests="1" failures="0" timestamp="2020-08-13T19:09:34 EDT" time="0.257" errors="0">
  <testcase name="testClassE2E" time="0.257" classname="maven.E2E.Validation1"/>
  <system-out/>
</testsuite> <!-- maven.E2E.Validation1 -->
